  PWRWallet.cpp
C:\Users\Admin\Downloads\pwrC\openssl\Lib\x64\Release\include\openssl\core_dispatch.h(65,1): warning C4191: 'type cast': unsafe conversion from 'void (__cdecl *const )(void)' to 'OSSL_FUNC_core_gettable_params_fn (__cdecl *)'
          Calling this function through the result pointer may cause your program to fail
C:\Users\Admin\Downloads\pwrC\wallet\PWRWallet.cpp(132,41): warning C4244: 'return': conversion from 'int64_t' to 'long', possible loss of data
C:\Users\Admin\Downloads\pwrC\wallet\PWRWallet.cpp(996,42): warning C4267: '+=': conversion from 'size_t' to 'int', possible loss of data
C:\Users\Admin\Downloads\pwrC\wallet\PWRWallet.cpp(1014,39): warning C4267: 'initializing': conversion from 'size_t' to 'int', possible loss of data
C:\Users\Admin\Downloads\pwrC\wallet\PWRWallet.cpp(1085,45): warning C4267: 'initializing': conversion from 'size_t' to 'int', possible loss of data
C:\Users\Admin\Downloads\pwrC\wallet\PWRWallet.cpp(1138,49): warning C4267: '+=': conversion from 'size_t' to 'int', possible loss of data
C:\Users\Admin\Downloads\pwrC\wallet\PWRWallet.cpp(1156,47): warning C4267: 'initializing': conversion from 'size_t' to 'int', possible loss of data
C:\Users\Admin\Downloads\pwrC\wallet\PWRWallet.cpp(1195,49): warning C4267: '+=': conversion from 'size_t' to 'int', possible loss of data
C:\Users\Admin\Downloads\pwrC\wallet\PWRWallet.cpp(1212,43): warning C4267: 'initializing': conversion from 'size_t' to 'int', possible loss of data
C:\Users\Admin\Downloads\pwrC\wallet\PWRWallet.cpp(1220,47): warning C4267: 'initializing': conversion from 'size_t' to 'int', possible loss of data
C:\Users\Admin\Downloads\pwrC\wallet\PWRWallet.cpp(1239,28): warning C4101: 'e': unreferenced local variable
C:\Users\Admin\Downloads\pwrC\wallet\PWRWallet.cpp(1273,8): warning C4267: 'argument': conversion from 'size_t' to 'int', possible loss of data
C:\Users\Admin\Downloads\pwrC\boost_1_84_0\boost\multiprecision\number.hpp(132,1): error C2664: 'boost::multiprecision::backends::cpp_int_backend<0,0,boost::multiprecision::signed_magnitude,boost::multiprecision::unchecked,std::allocator<boost::multiprecision::limb_type>>::cpp_int_backend(boost::multiprecision::backends::cpp_int_base<0,18446744073709551615,boost::multiprecision::signed_magnitude,boost::multiprecision::unchecked,Allocator,false>::scoped_shared_storage &,size_t) noexcept': cannot convert argument 1 from 'const char *' to 'boost::multiprecision::backends::cpp_int_base<0,18446744073709551615,boost::multiprecision::signed_magnitude,boost::multiprecision::unchecked,Allocator,false>::scoped_shared_storage &'
          with
          [
              Allocator=std::allocator<boost::multiprecision::limb_type>
          ]
C:\Users\Admin\Downloads\pwrC\boost_1_84_0\boost\multiprecision\cpp_int.hpp(1380,4): message : see declaration of 'boost::multiprecision::backends::cpp_int_backend<0,0,boost::multiprecision::signed_magnitude,boost::multiprecision::unchecked,std::allocator<boost::multiprecision::limb_type>>::cpp_int_backend'
C:\Users\Admin\Downloads\pwrC\wallet\PWRWallet.cpp(47): message : see reference to function template instantiation 'boost::multiprecision::number<boost::multiprecision::backends::cpp_int_backend<0,0,boost::multiprecision::signed_magnitude,boost::multiprecision::unchecked,std::allocator<boost::multiprecision::limb_type>>,boost::multiprecision::et_on>::number<char*>(const V &,unsigned int,void *)' being compiled
          with
          [
              V=char *
          ]
C:\Users\Admin\Downloads\pwrC\wallet\PWRWallet.cpp(47): message : see reference to function template instantiation 'boost::multiprecision::number<boost::multiprecision::backends::cpp_int_backend<0,0,boost::multiprecision::signed_magnitude,boost::multiprecision::unchecked,std::allocator<boost::multiprecision::limb_type>>,boost::multiprecision::et_on>::number<char*>(const V &,unsigned int,void *)' being compiled
          with
          [
              V=char *
          ]
